<?xml version="1.0" encoding="UTF-8"?>
<testng-results skipped="0" failed="0" ignored="0" total="1" passed="1">
  <reporter-output>
  </reporter-output>
  <suite name="Default suite" duration-ms="58504" started-at="2018-11-02T09:33:17Z" finished-at="2018-11-02T09:34:16Z">
    <groups>
    </groups>
    <test name="Default test" duration-ms="58504" started-at="2018-11-02T09:33:17Z" finished-at="2018-11-02T09:34:16Z">
      <class name="POMDemo.MyntraDemoForPOM">
        <test-method status="PASS" signature="LoginFB()[pri:0, instance:POMDemo.MyntraDemoForPOM@198378d]" name="LoginFB" duration-ms="58366" started-at="2018-11-02T09:33:17Z" finished-at="2018-11-02T09:34:16Z">
          <reporter-output>
          </reporter-output>
        </test-method> <!-- LoginFB -->
      </class> <!-- POMDemo.MyntraDemoForPOM -->
    </test> <!-- Default test -->
  </suite> <!-- Default suite -->
</testng-results>
